Express server listening on 7777, in test mode
[90mGET /api/things [32m200 [90m6ms - 946b[0m
[90mGET /api/things [32m200 [90m1ms - 946b[0m
[90mGET /api/things [32m200 [90m1ms - 946b[0m
<testsuite name="Mocha Tests" tests="3" failures="0" errors="0" skipped="0" timestamp="Mon, 23 Feb 2015 19:31:41 GMT" time="0.047">
<testcase classname="GET /api/things" name="should respond with JSON array" time="0.029"/>
<testcase classname="GET /api/things" name="expecting 304" time="0.007"/>
<testcase classname="GET /api/things" name="expect 404" time="0.005"/>
</testsuite>
